GAS LISTING C:\Users\abdul\AppData\Local\Temp\ccOg8F0X.s 			page 1


   1              		.file	"read.c"
   2              		.option nopic
   3              		.attribute arch, "rv32i2p0_m2p0_a2p0_c2p0"
   4              		.attribute unaligned_access, 0
   5              		.attribute stack_align, 16
   6              		.text
   7              	.Ltext0:
   8              		.cfi_sections	.debug_frame
   9              		.section	.text._read,"ax",@progbits
  10              		.align	1
  11              		.globl	_read
  13              	_read:
  14              	.LFB1:
  15              		.file 1 "./../../firmware/RISCV/stubs/read.c"
   1:./../../firmware/RISCV/stubs/read.c **** /* See LICENSE of license details. */
   2:./../../firmware/RISCV/stubs/read.c **** 
   3:./../../firmware/RISCV/stubs/read.c **** #include <stdint.h>
   4:./../../firmware/RISCV/stubs/read.c **** #include <errno.h>
   5:./../../firmware/RISCV/stubs/read.c **** #include <unistd.h>
   6:./../../firmware/RISCV/stubs/read.c **** #include <sys/types.h>
   7:./../../firmware/RISCV/stubs/read.c **** 
   8:./../../firmware/RISCV/stubs/read.c **** #include "stub.h"
   9:./../../firmware/RISCV/stubs/read.c **** 
  10:./../../firmware/RISCV/stubs/read.c **** ssize_t _read(int fd, void* ptr, size_t len)
  11:./../../firmware/RISCV/stubs/read.c **** {
  16              		.loc 1 11 1
  17              		.cfi_startproc
  18              	.LVL0:
  12:./../../firmware/RISCV/stubs/read.c ****   return _stub(EBADF);
  19              		.loc 1 12 3
  20              		.file 2 "./../../firmware/RISCV/stubs/stub.h"
   1:./../../firmware/RISCV/stubs/stub.h **** /* See LICENSE of license details. */
   2:./../../firmware/RISCV/stubs/stub.h **** #ifndef _NUCLEI_SYS_STUB_H
   3:./../../firmware/RISCV/stubs/stub.h **** #define _NUCLEI_SYS_STUB_H
   4:./../../firmware/RISCV/stubs/stub.h **** 
   5:./../../firmware/RISCV/stubs/stub.h **** #include <stdint.h>
   6:./../../firmware/RISCV/stubs/stub.h **** #if   defined (__GNUC__)
   7:./../../firmware/RISCV/stubs/stub.h **** #include <unistd.h>
   8:./../../firmware/RISCV/stubs/stub.h **** #endif
   9:./../../firmware/RISCV/stubs/stub.h **** 
  10:./../../firmware/RISCV/stubs/stub.h **** void write_hex(int fd, unsigned long int hex);
  11:./../../firmware/RISCV/stubs/stub.h **** 
  12:./../../firmware/RISCV/stubs/stub.h **** static inline int _stub(int err)
  13:./../../firmware/RISCV/stubs/stub.h **** {
  14:./../../firmware/RISCV/stubs/stub.h ****   return -1;
  21              		.loc 2 14 3
  13:./../../firmware/RISCV/stubs/read.c **** }
  22              		.loc 1 13 1 is_stmt 0
  23 0000 7D55     		li	a0,-1
  24              	.LVL1:
  25 0002 8280     		ret
  26              		.cfi_endproc
  27              	.LFE1:
  29              		.text
  30              	.Letext0:
  31              		.file 3 "c:\\users\\abdul\\onedrive\\documents\\toolchain-gd32v-v202-win\\compiler\\lib\\gcc\\risc
  32              		.file 4 "c:\\users\\abdul\\onedrive\\documents\\toolchain-gd32v-v202-win\\compiler\\riscv64-unknow
GAS LISTING C:\Users\abdul\AppData\Local\Temp\ccOg8F0X.s 			page 2


  33              		.file 5 "c:\\users\\abdul\\onedrive\\documents\\toolchain-gd32v-v202-win\\compiler\\riscv64-unknow
  34              		.file 6 "c:\\users\\abdul\\onedrive\\documents\\toolchain-gd32v-v202-win\\compiler\\riscv64-unknow
  35              		.file 7 "c:\\users\\abdul\\onedrive\\documents\\toolchain-gd32v-v202-win\\compiler\\riscv64-unknow
  36              		.file 8 "c:\\users\\abdul\\onedrive\\documents\\toolchain-gd32v-v202-win\\compiler\\riscv64-unknow
  37              		.file 9 "c:\\users\\abdul\\onedrive\\documents\\toolchain-gd32v-v202-win\\compiler\\riscv64-unknow
GAS LISTING C:\Users\abdul\AppData\Local\Temp\ccOg8F0X.s 			page 3


DEFINED SYMBOLS
                            *ABS*:0000000000000000 read.c
C:\Users\abdul\AppData\Local\Temp\ccOg8F0X.s:13     .text._read:0000000000000000 _read
C:\Users\abdul\AppData\Local\Temp\ccOg8F0X.s:17     .text._read:0000000000000000 .L0 
C:\Users\abdul\AppData\Local\Temp\ccOg8F0X.s:19     .text._read:0000000000000000 .L0 
C:\Users\abdul\AppData\Local\Temp\ccOg8F0X.s:21     .text._read:0000000000000000 .L0 
C:\Users\abdul\AppData\Local\Temp\ccOg8F0X.s:22     .text._read:0000000000000000 .L0 
C:\Users\abdul\AppData\Local\Temp\ccOg8F0X.s:23     .text._read:0000000000000000 .L0 
C:\Users\abdul\AppData\Local\Temp\ccOg8F0X.s:26     .text._read:0000000000000004 .L0 
C:\Users\abdul\AppData\Local\Temp\ccOg8F0X.s:29     .text._read:0000000000000004 .L0 
                     .debug_frame:0000000000000000 .L0 
C:\Users\abdul\AppData\Local\Temp\ccOg8F0X.s:1569   .debug_abbrev:0000000000000000 .Ldebug_abbrev0
C:\Users\abdul\AppData\Local\Temp\ccOg8F0X.s:2338   .debug_str:0000000000000479 .LASF130
C:\Users\abdul\AppData\Local\Temp\ccOg8F0X.s:2144   .debug_str:00000000000000e6 .LASF131
C:\Users\abdul\AppData\Local\Temp\ccOg8F0X.s:2134   .debug_str:0000000000000071 .LASF132
C:\Users\abdul\AppData\Local\Temp\ccOg8F0X.s:2106   .debug_ranges:0000000000000000 .Ldebug_ranges0
C:\Users\abdul\AppData\Local\Temp\ccOg8F0X.s:2112   .debug_line:0000000000000000 .Ldebug_line0
C:\Users\abdul\AppData\Local\Temp\ccOg8F0X.s:2152   .debug_str:000000000000012f .LASF0
C:\Users\abdul\AppData\Local\Temp\ccOg8F0X.s:2270   .debug_str:000000000000034e .LASF1
C:\Users\abdul\AppData\Local\Temp\ccOg8F0X.s:2276   .debug_str:000000000000036a .LASF2
C:\Users\abdul\AppData\Local\Temp\ccOg8F0X.s:2222   .debug_str:000000000000026b .LASF3
C:\Users\abdul\AppData\Local\Temp\ccOg8F0X.s:2168   .debug_str:0000000000000174 .LASF4
C:\Users\abdul\AppData\Local\Temp\ccOg8F0X.s:2216   .debug_str:000000000000024c .LASF5
C:\Users\abdul\AppData\Local\Temp\ccOg8F0X.s:2150   .debug_str:0000000000000121 .LASF6
C:\Users\abdul\AppData\Local\Temp\ccOg8F0X.s:2132   .debug_str:000000000000005a .LASF7
C:\Users\abdul\AppData\Local\Temp\ccOg8F0X.s:2208   .debug_str:0000000000000228 .LASF8
C:\Users\abdul\AppData\Local\Temp\ccOg8F0X.s:2118   .debug_str:0000000000000012 .LASF10
C:\Users\abdul\AppData\Local\Temp\ccOg8F0X.s:2252   .debug_str:00000000000002f5 .LASF9
C:\Users\abdul\AppData\Local\Temp\ccOg8F0X.s:2236   .debug_str:00000000000002b6 .LASF11
C:\Users\abdul\AppData\Local\Temp\ccOg8F0X.s:2264   .debug_str:000000000000032b .LASF12
C:\Users\abdul\AppData\Local\Temp\ccOg8F0X.s:2322   .debug_str:000000000000043c .LASF13
C:\Users\abdul\AppData\Local\Temp\ccOg8F0X.s:2358   .debug_str:0000000000000559 .LASF14
C:\Users\abdul\AppData\Local\Temp\ccOg8F0X.s:2232   .debug_str:00000000000002a8 .LASF15
C:\Users\abdul\AppData\Local\Temp\ccOg8F0X.s:2210   .debug_str:0000000000000235 .LASF16
C:\Users\abdul\AppData\Local\Temp\ccOg8F0X.s:2314   .debug_str:000000000000041a .LASF17
C:\Users\abdul\AppData\Local\Temp\ccOg8F0X.s:2316   .debug_str:0000000000000422 .LASF18
C:\Users\abdul\AppData\Local\Temp\ccOg8F0X.s:2286   .debug_str:0000000000000392 .LASF19
C:\Users\abdul\AppData\Local\Temp\ccOg8F0X.s:2344   .debug_str:000000000000050f .LASF20
C:\Users\abdul\AppData\Local\Temp\ccOg8F0X.s:2268   .debug_str:000000000000033c .LASF21
C:\Users\abdul\AppData\Local\Temp\ccOg8F0X.s:2194   .debug_str:00000000000001eb .LASF22
C:\Users\abdul\AppData\Local\Temp\ccOg8F0X.s:2198   .debug_str:00000000000001fc .LASF27
C:\Users\abdul\AppData\Local\Temp\ccOg8F0X.s:2334   .debug_str:0000000000000466 .LASF23
C:\Users\abdul\AppData\Local\Temp\ccOg8F0X.s:2308   .debug_str:0000000000000405 .LASF24
C:\Users\abdul\AppData\Local\Temp\ccOg8F0X.s:2192   .debug_str:00000000000001e5 .LASF25
C:\Users\abdul\AppData\Local\Temp\ccOg8F0X.s:2352   .debug_str:0000000000000544 .LASF26
C:\Users\abdul\AppData\Local\Temp\ccOg8F0X.s:2206   .debug_str:0000000000000223 .LASF28
C:\Users\abdul\AppData\Local\Temp\ccOg8F0X.s:2148   .debug_str:0000000000000118 .LASF29
C:\Users\abdul\AppData\Local\Temp\ccOg8F0X.s:2328   .debug_str:0000000000000450 .LASF30
C:\Users\abdul\AppData\Local\Temp\ccOg8F0X.s:2158   .debug_str:0000000000000147 .LASF31
C:\Users\abdul\AppData\Local\Temp\ccOg8F0X.s:2382   .debug_str:00000000000005c4 .LASF32
C:\Users\abdul\AppData\Local\Temp\ccOg8F0X.s:2258   .debug_str:000000000000030f .LASF33
C:\Users\abdul\AppData\Local\Temp\ccOg8F0X.s:2246   .debug_str:00000000000002db .LASF34
C:\Users\abdul\AppData\Local\Temp\ccOg8F0X.s:2354   .debug_str:0000000000000549 .LASF35
C:\Users\abdul\AppData\Local\Temp\ccOg8F0X.s:2278   .debug_str:0000000000000374 .LASF36
C:\Users\abdul\AppData\Local\Temp\ccOg8F0X.s:2368   .debug_str:0000000000000584 .LASF37
C:\Users\abdul\AppData\Local\Temp\ccOg8F0X.s:2162   .debug_str:0000000000000156 .LASF38
C:\Users\abdul\AppData\Local\Temp\ccOg8F0X.s:2188   .debug_str:00000000000001d8 .LASF39
GAS LISTING C:\Users\abdul\AppData\Local\Temp\ccOg8F0X.s 			page 4


C:\Users\abdul\AppData\Local\Temp\ccOg8F0X.s:2114   .debug_str:0000000000000000 .LASF40
C:\Users\abdul\AppData\Local\Temp\ccOg8F0X.s:2340   .debug_str:0000000000000501 .LASF41
C:\Users\abdul\AppData\Local\Temp\ccOg8F0X.s:2172   .debug_str:0000000000000184 .LASF42
C:\Users\abdul\AppData\Local\Temp\ccOg8F0X.s:2260   .debug_str:0000000000000318 .LASF43
C:\Users\abdul\AppData\Local\Temp\ccOg8F0X.s:2300   .debug_str:00000000000003d5 .LASF44
C:\Users\abdul\AppData\Local\Temp\ccOg8F0X.s:2190   .debug_str:00000000000001e0 .LASF45
C:\Users\abdul\AppData\Local\Temp\ccOg8F0X.s:2280   .debug_str:000000000000037e .LASF46
C:\Users\abdul\AppData\Local\Temp\ccOg8F0X.s:2156   .debug_str:0000000000000141 .LASF47
C:\Users\abdul\AppData\Local\Temp\ccOg8F0X.s:2116   .debug_str:000000000000000c .LASF48
C:\Users\abdul\AppData\Local\Temp\ccOg8F0X.s:2288   .debug_str:000000000000039d .LASF49
C:\Users\abdul\AppData\Local\Temp\ccOg8F0X.s:2170   .debug_str:000000000000017d .LASF50
C:\Users\abdul\AppData\Local\Temp\ccOg8F0X.s:2218   .debug_str:000000000000025e .LASF51
C:\Users\abdul\AppData\Local\Temp\ccOg8F0X.s:2136   .debug_str:00000000000000bd .LASF52
C:\Users\abdul\AppData\Local\Temp\ccOg8F0X.s:2164   .debug_str:0000000000000164 .LASF53
C:\Users\abdul\AppData\Local\Temp\ccOg8F0X.s:2202   .debug_str:0000000000000213 .LASF54
C:\Users\abdul\AppData\Local\Temp\ccOg8F0X.s:2244   .debug_str:00000000000002d4 .LASF55
C:\Users\abdul\AppData\Local\Temp\ccOg8F0X.s:2318   .debug_str:000000000000042a .LASF56
C:\Users\abdul\AppData\Local\Temp\ccOg8F0X.s:2372   .debug_str:000000000000059e .LASF57
C:\Users\abdul\AppData\Local\Temp\ccOg8F0X.s:2154   .debug_str:000000000000013b .LASF58
C:\Users\abdul\AppData\Local\Temp\ccOg8F0X.s:2364   .debug_str:0000000000000576 .LASF59
C:\Users\abdul\AppData\Local\Temp\ccOg8F0X.s:2176   .debug_str:0000000000000193 .LASF60
C:\Users\abdul\AppData\Local\Temp\ccOg8F0X.s:2182   .debug_str:00000000000001b1 .LASF61
C:\Users\abdul\AppData\Local\Temp\ccOg8F0X.s:2126   .debug_str:0000000000000034 .LASF62
C:\Users\abdul\AppData\Local\Temp\ccOg8F0X.s:2238   .debug_str:00000000000002bd .LASF63
C:\Users\abdul\AppData\Local\Temp\ccOg8F0X.s:2292   .debug_str:00000000000003af .LASF64
C:\Users\abdul\AppData\Local\Temp\ccOg8F0X.s:2240   .debug_str:00000000000002c3 .LASF65
C:\Users\abdul\AppData\Local\Temp\ccOg8F0X.s:2310   .debug_str:000000000000040d .LASF66
C:\Users\abdul\AppData\Local\Temp\ccOg8F0X.s:2324   .debug_str:0000000000000444 .LASF67
C:\Users\abdul\AppData\Local\Temp\ccOg8F0X.s:2174   .debug_str:000000000000018c .LASF68
C:\Users\abdul\AppData\Local\Temp\ccOg8F0X.s:2212   .debug_str:000000000000023c .LASF69
C:\Users\abdul\AppData\Local\Temp\ccOg8F0X.s:2196   .debug_str:00000000000001f4 .LASF70
C:\Users\abdul\AppData\Local\Temp\ccOg8F0X.s:2298   .debug_str:00000000000003d0 .LASF71
C:\Users\abdul\AppData\Local\Temp\ccOg8F0X.s:2122   .debug_str:0000000000000021 .LASF72
C:\Users\abdul\AppData\Local\Temp\ccOg8F0X.s:2306   .debug_str:00000000000003ec .LASF73
C:\Users\abdul\AppData\Local\Temp\ccOg8F0X.s:2302   .debug_str:00000000000003da .LASF74
C:\Users\abdul\AppData\Local\Temp\ccOg8F0X.s:2262   .debug_str:0000000000000320 .LASF75
C:\Users\abdul\AppData\Local\Temp\ccOg8F0X.s:2304   .debug_str:00000000000003e2 .LASF76
C:\Users\abdul\AppData\Local\Temp\ccOg8F0X.s:2230   .debug_str:00000000000002a0 .LASF77
C:\Users\abdul\AppData\Local\Temp\ccOg8F0X.s:2204   .debug_str:0000000000000219 .LASF78
C:\Users\abdul\AppData\Local\Temp\ccOg8F0X.s:2380   .debug_str:00000000000005bf .LASF79
C:\Users\abdul\AppData\Local\Temp\ccOg8F0X.s:2266   .debug_str:0000000000000332 .LASF80
C:\Users\abdul\AppData\Local\Temp\ccOg8F0X.s:2214   .debug_str:0000000000000244 .LASF81
C:\Users\abdul\AppData\Local\Temp\ccOg8F0X.s:2180   .debug_str:00000000000001a9 .LASF82
C:\Users\abdul\AppData\Local\Temp\ccOg8F0X.s:2272   .debug_str:000000000000035c .LASF83
C:\Users\abdul\AppData\Local\Temp\ccOg8F0X.s:2224   .debug_str:000000000000027e .LASF84
C:\Users\abdul\AppData\Local\Temp\ccOg8F0X.s:2362   .debug_str:000000000000056c .LASF85
C:\Users\abdul\AppData\Local\Temp\ccOg8F0X.s:2166   .debug_str:000000000000016c .LASF86
C:\Users\abdul\AppData\Local\Temp\ccOg8F0X.s:2160   .debug_str:0000000000000151 .LASF87
C:\Users\abdul\AppData\Local\Temp\ccOg8F0X.s:2326   .debug_str:000000000000044b .LASF88
C:\Users\abdul\AppData\Local\Temp\ccOg8F0X.s:2284   .debug_str:000000000000038b .LASF89
C:\Users\abdul\AppData\Local\Temp\ccOg8F0X.s:2356   .debug_str:0000000000000553 .LASF90
C:\Users\abdul\AppData\Local\Temp\ccOg8F0X.s:2220   .debug_str:0000000000000264 .LASF91
C:\Users\abdul\AppData\Local\Temp\ccOg8F0X.s:2282   .debug_str:0000000000000385 .LASF92
C:\Users\abdul\AppData\Local\Temp\ccOg8F0X.s:2120   .debug_str:0000000000000019 .LASF93
C:\Users\abdul\AppData\Local\Temp\ccOg8F0X.s:2312   .debug_str:0000000000000414 .LASF94
C:\Users\abdul\AppData\Local\Temp\ccOg8F0X.s:2332   .debug_str:0000000000000460 .LASF95
C:\Users\abdul\AppData\Local\Temp\ccOg8F0X.s:2342   .debug_str:000000000000050a .LASF96
GAS LISTING C:\Users\abdul\AppData\Local\Temp\ccOg8F0X.s 			page 5


C:\Users\abdul\AppData\Local\Temp\ccOg8F0X.s:2350   .debug_str:0000000000000537 .LASF97
C:\Users\abdul\AppData\Local\Temp\ccOg8F0X.s:2336   .debug_str:000000000000046c .LASF98
C:\Users\abdul\AppData\Local\Temp\ccOg8F0X.s:2228   .debug_str:0000000000000293 .LASF99
C:\Users\abdul\AppData\Local\Temp\ccOg8F0X.s:2370   .debug_str:000000000000058f .LASF100
C:\Users\abdul\AppData\Local\Temp\ccOg8F0X.s:2200   .debug_str:0000000000000204 .LASF101
C:\Users\abdul\AppData\Local\Temp\ccOg8F0X.s:2294   .debug_str:00000000000003b8 .LASF102
C:\Users\abdul\AppData\Local\Temp\ccOg8F0X.s:2374   .debug_str:00000000000005a5 .LASF103
C:\Users\abdul\AppData\Local\Temp\ccOg8F0X.s:2296   .debug_str:00000000000003c3 .LASF104
C:\Users\abdul\AppData\Local\Temp\ccOg8F0X.s:2378   .debug_str:00000000000005b1 .LASF105
C:\Users\abdul\AppData\Local\Temp\ccOg8F0X.s:2146   .debug_str:000000000000010a .LASF106
C:\Users\abdul\AppData\Local\Temp\ccOg8F0X.s:2360   .debug_str:0000000000000562 .LASF107
C:\Users\abdul\AppData\Local\Temp\ccOg8F0X.s:2226   .debug_str:0000000000000287 .LASF108
C:\Users\abdul\AppData\Local\Temp\ccOg8F0X.s:2346   .debug_str:0000000000000517 .LASF109
C:\Users\abdul\AppData\Local\Temp\ccOg8F0X.s:2186   .debug_str:00000000000001ca .LASF110
C:\Users\abdul\AppData\Local\Temp\ccOg8F0X.s:2142   .debug_str:00000000000000d7 .LASF111
C:\Users\abdul\AppData\Local\Temp\ccOg8F0X.s:2184   .debug_str:00000000000001b9 .LASF112
C:\Users\abdul\AppData\Local\Temp\ccOg8F0X.s:2128   .debug_str:000000000000003a .LASF113
C:\Users\abdul\AppData\Local\Temp\ccOg8F0X.s:2130   .debug_str:0000000000000049 .LASF114
C:\Users\abdul\AppData\Local\Temp\ccOg8F0X.s:2274   .debug_str:0000000000000361 .LASF115
C:\Users\abdul\AppData\Local\Temp\ccOg8F0X.s:2256   .debug_str:0000000000000308 .LASF116
C:\Users\abdul\AppData\Local\Temp\ccOg8F0X.s:2248   .debug_str:00000000000002e5 .LASF117
C:\Users\abdul\AppData\Local\Temp\ccOg8F0X.s:2366   .debug_str:000000000000057c .LASF118
C:\Users\abdul\AppData\Local\Temp\ccOg8F0X.s:2138   .debug_str:00000000000000c6 .LASF133
C:\Users\abdul\AppData\Local\Temp\ccOg8F0X.s:2320   .debug_str:0000000000000430 .LASF119
C:\Users\abdul\AppData\Local\Temp\ccOg8F0X.s:2348   .debug_str:0000000000000524 .LASF120
C:\Users\abdul\AppData\Local\Temp\ccOg8F0X.s:2178   .debug_str:000000000000019c .LASF121
C:\Users\abdul\AppData\Local\Temp\ccOg8F0X.s:2290   .debug_str:00000000000003a5 .LASF122
C:\Users\abdul\AppData\Local\Temp\ccOg8F0X.s:2124   .debug_str:000000000000002c .LASF123
C:\Users\abdul\AppData\Local\Temp\ccOg8F0X.s:2234   .debug_str:00000000000002ae .LASF124
C:\Users\abdul\AppData\Local\Temp\ccOg8F0X.s:2250   .debug_str:00000000000002ee .LASF125
C:\Users\abdul\AppData\Local\Temp\ccOg8F0X.s:2254   .debug_str:0000000000000301 .LASF126
C:\Users\abdul\AppData\Local\Temp\ccOg8F0X.s:2330   .debug_str:0000000000000459 .LASF127
C:\Users\abdul\AppData\Local\Temp\ccOg8F0X.s:2376   .debug_str:00000000000005aa .LASF128
C:\Users\abdul\AppData\Local\Temp\ccOg8F0X.s:2242   .debug_str:00000000000002cb .LASF129
C:\Users\abdul\AppData\Local\Temp\ccOg8F0X.s:14     .text._read:0000000000000000 .LFB1
C:\Users\abdul\AppData\Local\Temp\ccOg8F0X.s:27     .text._read:0000000000000004 .LFE1
C:\Users\abdul\AppData\Local\Temp\ccOg8F0X.s:2079   .debug_loc:0000000000000000 .LLST0
C:\Users\abdul\AppData\Local\Temp\ccOg8F0X.s:2140   .debug_str:00000000000000d1 .LASF134
C:\Users\abdul\AppData\Local\Temp\ccOg8F0X.s:18     .text._read:0000000000000000 .LVL0
C:\Users\abdul\AppData\Local\Temp\ccOg8F0X.s:24     .text._read:0000000000000002 .LVL1
C:\Users\abdul\AppData\Local\Temp\ccOg8F0X.s:39     .debug_info:0000000000000000 .Ldebug_info0

NO UNDEFINED SYMBOLS
